PLAYER_READY_MSG: 21:{"me": "Eyes punter"}
SERVER_MSG: {"you":"Eyes punter"}
PLAYER_READY_MSG: 21:{"me": "Eyes punter"}
SERVER_MSG: {"you":"Eyes punter"}
SERVER_MSG: {"punter":1,"punters":2,"map":{"sites":[{"id":4,"x":2.0,"y":-2.0},{"id":1,"x":1.0,"y":0.0},{"id":3,"x":2.0,"y":-1.0},{"id":6,"x":0.0,"y":-2.0},{"id":5,"x":1.0,"y":-2.0},{"id":0,"x":0.0,"y":0.0},{"id":7,"x":0.0,"y":-1.0},{"id":2,"x":2.0,"y":0.0}],"rivers":[{"source":3,"target":4},{"source":0,"target":1},{"source":2,"target":3},{"source":1,"target":3},{"source":5,"target":6},{"source":4,"target":5},{"source":3,"target":5},{"source":6,"target":7},{"source":5,"target":7},{"source":1,"target":7},{"source":0,"target":7},{"source":1,"target":2}],"mines":[1,5]},"state":{}}
     ----- We are punter # 1 -----
SERVER->client: setup 1 2 4 1 3 6 5 0 7 2 end 3 4 0 1 2 3 1 3 5 6 4 5 3 5 6 7 5 7 1 7 0 7 1 2 end 1 5 end end 
b64
1 2 4 1 3 6 5 0 7 2 
end
3 4
0 1
2 3
1 3
5 6
4 5
3 5
6 7
5 7
1 7
0 7
1 2
end
1 5 end
  end

CPP-stdout: MSAyIDQgMSAzIDYgNSAwIDcgMiAKZW5kCjMgNAowIDEKMiAzCjEgMwo1IDYKNCA1CjMgNQo2IDcKNSA3CjEgNwowIDcKMSAyCmVuZAoxIDUgZW5kCiAgZW5kCg==

CPP-errors: None
PLAYER_SETUP_STATE: MSAyIDQgMSAzIDYgNSAwIDcgMiAKZW5kCjMgNAowIDEKMiAzCjEgMwo1IDYKNCA1CjMgNQo2IDcKNSA3CjEgNwowIDcKMSAyCmVuZAoxIDUgZW5kCiAgZW5kCg==
PLAYER_READY_MSG: 158:{"ready": 1, "state": {"cpp": "MSAyIDQgMSAzIDYgNSAwIDcgMiAKZW5kCjMgNAowIDEKMiAzCjEgMwo1IDYKNCA1CjMgNQo2IDcKNSA3CjEgNwowIDcKMSAyCmVuZAoxIDUgZW5kCiAgZW5kCg=="}}
PLAYER_READY_MSG: 21:{"me": "Eyes punter"}
SERVER_MSG: {"you":"Eyes punter"}
SERVER_MSG: {"move":{"moves":[{"pass":{"punter":0}},{"pass":{"punter":1}}]},"state":{"cpp":"MSAyIDQgMSAzIDYgNSAwIDcgMiAKZW5kCjMgNAowIDEKMiAzCjEgMwo1IDYKNCA1CjMgNQo2IDcKNSA3CjEgNwowIDcKMSAyCmVuZAoxIDUgZW5kCiAgZW5kCg=="}}
MOVE
PREV_ROUND_MOVES: [{u'pass': {u'punter': 0}}, {u'pass': {u'punter': 1}}]
SERVER->client: move pass 0 pass 1 end  MSAyIDQgMSAzIDYgNSAwIDcgMiAKZW5kCjMgNAowIDEKMiAzCjEgMwo1IDYKNCA1CjMgNQo2IDcKNSA3CjEgNwowIDcKMSAyCmVuZAoxIDUgZW5kCiAgZW5kCg==
terminate called after throwing an instance of 'std::length_error'
  what():  basic_string::_S_create
CPP-stdout: 
CPP-errors: None
Traceback (most recent call last):
  File "./tools/remoteplay.py", line 49, in <module>
    (player_commands, player_data) = play.player_turn(p, my_id, moves, state)
  File "/home/aqk/icfp2017/tools/play.py", line 51, in player_turn
    player_data = player_tokens[-1]
IndexError: list index out of range
